<?xml version="1.0" encoding="UTF-8"?>
<!-- Generated by org.testng.reporters.JUnitReportReporter -->
<testsuite hostname="DESKTOP-QQJINFP" failures="0" tests="1" name="runner.runDemoBlazeTest" time="15.479" errors="0" timestamp="2025-04-21T15:32:12 ART" skipped="0">
  <testcase classname="runner.runDemoBlazeTest" name="runScenario" time="15.479"/>
</testsuite> <!-- runner.runDemoBlazeTest -->
