<?xml version="1.0" encoding="UTF-8"?>
<!-- Generated by org.testng.reporters.JUnitReportReporter -->
<testsuite hostname="DESKTOP-QQJINFP" failures="0" tests="1" name="edit.Demo_Blaze.basicTestOnDemoBlaze" time="30.277" errors="0" timestamp="2025-04-21T10:52:35 ART" skipped="0">
  <testcase classname="edit.Demo_Blaze.basicTestOnDemoBlaze" name="testHappyPathPurchase" time="30.277"/>
</testsuite> <!-- edit.Demo_Blaze.basicTestOnDemoBlaze -->
